note_/build/outputs/logs/manifest-merger-debug-report.txt
-- Merging decision tree log ---
manifest
ADDED from src/main/AndroidManifest.xml:2:1-123:12
	package
		ADDED from src/main/AndroidManifest.xml:3:5-30
		INJECTED from src/main/AndroidManifest.xml
		INJECTED from src/main/AndroidManifest.xml
	android:versionName
		ADDED from src/main/AndroidManifest.xml:5:5-30
		INJECTED from src/main/AndroidManifest.xml
		INJECTED from src/main/AndroidManifest.xml
	android:versionCode
		ADDED from src/main/AndroidManifest.xml:4:5-28
		INJECTED from src/main/AndroidManifest.xml
		INJECTED from src/main/AndroidManifest.xml
	xmlns:android
		ADDED from src/main/AndroidManifest.xml:2:11-69
uses-sdk
ADDED from src/main/AndroidManifest.xml:7:5-9:41
	android:targetSdkVersion
		ADDED from src/main/AndroidManifest.xml:9:9-38
		INJECTED from src/main/AndroidManifest.xml
		INJECTED from src/main/AndroidManifest.xml
	android:minSdkVersion
		ADDED from src/main/AndroidManifest.xml:8:9-35
		INJECTED from src/main/AndroidManifest.xml
		INJECTED from src/main/AndroidManifest.xml
uses-permission#android.permission.WRITE_EXTERNAL_STORAGE
ADDED from src/main/AndroidManifest.xml:11:5-81
	android:name
		ADDED from src/main/AndroidManifest.xml:11:22-78
uses-permission#android.permission.MOUNT_UNMOUNT_FILESYSTEMS
ADDED from src/main/AndroidManifest.xml:12:5-84
	android:name
		ADDED from src/main/AndroidManifest.xml:12:22-81
uses-permission#android.permission.RECORD_AUDIO
ADDED from src/main/AndroidManifest.xml:13:5-71
	android:name
		ADDED from src/main/AndroidManifest.xml:13:22-68
uses-permission#android.permission.READ_PHONE_STATE
ADDED from src/main/AndroidManifest.xml:14:5-75
	android:name
		ADDED from src/main/AndroidManifest.xml:14:22-72
uses-permission#android.permission.INTERNET
ADDED from src/main/AndroidManifest.xml:16:5-67
	android:name
		ADDED from src/main/AndroidManifest.xml:16:22-64
uses-permission#android.permission.ACCESS_NETWORK_STATE
ADDED from src/main/AndroidManifest.xml:17:5-79
	android:name
		ADDED from src/main/AndroidManifest.xml:17:22-76
uses-permission#android.permission.ACCESS_WIFI_STATE
ADDED from src/main/AndroidManifest.xml:18:5-76
	android:name
		ADDED from src/main/AndroidManifest.xml:18:22-73
uses-permission#android.permission.ACCESS_FINE_LOCATION
ADDED from src/main/AndroidManifest.xml:19:5-79
	android:name
		ADDED from src/main/AndroidManifest.xml:19:22-76
uses-permission#com.youdao.note.openapi.permission.LISTEN_OPENAPP
ADDED from src/main/AndroidManifest.xml:20:5-89
	android:name
		ADDED from src/main/AndroidManifest.xml:20:22-86
uses-permission#android.permission.INTERACT_ACROSS_USERS_FULL
ADDED from src/main/AndroidManifest.xml:21:5-85
	android:name
		ADDED from src/main/AndroidManifest.xml:21:22-82
application
ADDED from src/main/AndroidManifest.xml:24:5-121:19
	android:label
		ADDED from src/main/AndroidManifest.xml:28:9-41
	android:allowBackup
		ADDED from src/main/AndroidManifest.xml:26:9-35
	android:icon
		ADDED from src/main/AndroidManifest.xml:27:9-38
	android:theme
		ADDED from src/main/AndroidManifest.xml:29:9-56
	android:name
		ADDED from src/main/AndroidManifest.xml:25:9-57
activity#cn.aiworks.note.SplashActivity
ADDED from src/main/AndroidManifest.xml:30:9-39:20
	android:screenOrientation
		ADDED from src/main/AndroidManifest.xml:33:13-49
	android:label
		ADDED from src/main/AndroidManifest.xml:32:13-45
	android:name
		ADDED from src/main/AndroidManifest.xml:31:13-43
intent-filter#android.intent.action.MAIN+android.intent.category.LAUNCHER
ADDED from src/main/AndroidManifest.xml:34:13-38:29
action#android.intent.action.MAIN
ADDED from src/main/AndroidManifest.xml:35:17-69
	android:name
		ADDED from src/main/AndroidManifest.xml:35:25-66
category#android.intent.category.LAUNCHER
ADDED from src/main/AndroidManifest.xml:37:17-77
	android:name
		ADDED from src/main/AndroidManifest.xml:37:27-74
activity#cn.aiworks.note.MainActivity
ADDED from src/main/AndroidManifest.xml:40:9-43:20
	android:screenOrientation
		ADDED from src/main/AndroidManifest.xml:42:13-49
	android:name
		ADDED from src/main/AndroidManifest.xml:41:13-56
activity#cn.aiworks.note.TapeActivity
ADDED from src/main/AndroidManifest.xml:44:9-48:20
	android:screenOrientation
		ADDED from src/main/AndroidManifest.xml:47:13-49
	android:launchMode
		ADDED from src/main/AndroidManifest.xml:46:13-44
	android:name
		ADDED from src/main/AndroidManifest.xml:45:13-56
activity#cn.aiworks.note.SettingActivity
ADDED from src/main/AndroidManifest.xml:49:9-52:52
	android:screenOrientation
		ADDED from src/main/AndroidManifest.xml:52:13-49
	android:launchMode
		ADDED from src/main/AndroidManifest.xml:51:13-44
	android:name
		ADDED from src/main/AndroidManifest.xml:50:13-59
activity#cn.aiworks.note.IntroductionActivity
ADDED from src/main/AndroidManifest.xml:53:9-56:75
	android:screenOrientation
		ADDED from src/main/AndroidManifest.xml:55:13-49
	android:theme
		ADDED from src/main/AndroidManifest.xml:56:13-72
	android:name
		ADDED from src/main/AndroidManifest.xml:54:13-64
activity#cn.aiworks.note.SharePopupWindowAcitivity
ADDED from src/main/AndroidManifest.xml:57:9-60:58
	android:screenOrientation
		ADDED from src/main/AndroidManifest.xml:59:13-49
	android:theme
		ADDED from src/main/AndroidManifest.xml:60:13-55
	android:name
		ADDED from src/main/AndroidManifest.xml:58:13-54
activity#cn.aiworks.note.SendToWXActivity
ADDED from src/main/AndroidManifest.xml:61:9-54
	android:name
		ADDED from src/main/AndroidManifest.xml:61:19-51
activity#cn.aiworks.note.wxapi.WXEntryActivity
ADDED from src/main/AndroidManifest.xml:62:9-59
	android:name
		ADDED from src/main/AndroidManifest.xml:62:19-56
activity#cn.aiworks.note.Share2EvernoteActivity
ADDED from src/main/AndroidManifest.xml:63:9-65:52
	android:screenOrientation
		ADDED from src/main/AndroidManifest.xml:65:13-49
	android:name
		ADDED from src/main/AndroidManifest.xml:64:13-51
activity#com.evernote.client.android.EvernoteOAuthActivity
ADDED from src/main/AndroidManifest.xml:66:9-69:52
	android:screenOrientation
		ADDED from src/main/AndroidManifest.xml:69:13-49
	android:configChanges
		ADDED from src/main/AndroidManifest.xml:68:13-63
	android:name
		ADDED from src/main/AndroidManifest.xml:67:13-77
activity#cn.aiworks.note.ParentActivity
ADDED from src/main/AndroidManifest.xml:70:9-72:66
	android:configChanges
		ADDED from src/main/AndroidManifest.xml:72:13-63
	android:name
		ADDED from src/main/AndroidManifest.xml:71:13-43
service#com.umeng.common.net.DownloadingService
ADDED from src/main/AndroidManifest.xml:74:9-77:19
	android:process
		ADDED from src/main/AndroidManifest.xml:76:13-50
	android:name
		ADDED from src/main/AndroidManifest.xml:75:13-67
activity#com.umeng.update.UpdateDialogActivity
ADDED from src/main/AndroidManifest.xml:79:9-83:20
	android:screenOrientation
		ADDED from src/main/AndroidManifest.xml:81:13-49
	android:theme
		ADDED from src/main/AndroidManifest.xml:82:13-72
	android:name
		ADDED from src/main/AndroidManifest.xml:80:13-65
activity#cn.aiworks.note.AboutUsActivity
ADDED from src/main/AndroidManifest.xml:84:9-88:20
	android:screenOrientation
		ADDED from src/main/AndroidManifest.xml:86:13-49
	android:theme
		ADDED from src/main/AndroidManifest.xml:87:13-72
	android:name
		ADDED from src/main/AndroidManifest.xml:85:13-43
activity#cn.aiworks.note.FeedbackActivity
ADDED from src/main/AndroidManifest.xml:89:9-93:20
	android:screenOrientation
		ADDED from src/main/AndroidManifest.xml:91:13-49
	android:theme
		ADDED from src/main/AndroidManifest.xml:92:13-72
	android:name
		ADDED from src/main/AndroidManifest.xml:90:13-44
activity#cn.aiworks.note.RecommandActivity
ADDED from src/main/AndroidManifest.xml:94:9-98:20
	android:screenOrientation
		ADDED from src/main/AndroidManifest.xml:96:13-49
	android:theme
		ADDED from src/main/AndroidManifest.xml:97:13-72
	android:name
		ADDED from src/main/AndroidManifest.xml:95:13-45
receiver#cn.aiworks.note.ynoteapi.YNoteOpenRegister
ADDED from src/main/AndroidManifest.xml:100:9-106:20
	android:permission
		ADDED from src/main/AndroidManifest.xml:102:13-83
	android:name
		ADDED from src/main/AndroidManifest.xml:101:13-55
intent-filter#com.youdao.note.openapi.Intent.ACTION_OPEN_YNOTEAPP
ADDED from src/main/AndroidManifest.xml:103:13-105:29
action#com.youdao.note.openapi.Intent.ACTION_OPEN_YNOTEAPP
ADDED from src/main/AndroidManifest.xml:104:17-94
	android:name
		ADDED from src/main/AndroidManifest.xml:104:25-91
activity#cn.aiworks.note.ynoteapi.YNoteEntryActivity
ADDED from src/main/AndroidManifest.xml:108:9-111:46
	android:launchMode
		ADDED from src/main/AndroidManifest.xml:111:13-43
	android:exported
		ADDED from src/main/AndroidManifest.xml:110:13-36
	android:name
		ADDED from src/main/AndroidManifest.xml:109:13-56
meta-data#UMENG_APPKEY
ADDED from src/main/AndroidManifest.xml:113:9-116:21
	android:value
		ADDED from src/main/AndroidManifest.xml:115:13-53
	android:name
		ADDED from src/main/AndroidManifest.xml:114:13-40
meta-data#UMENG_CHANNEL
ADDED from src/main/AndroidManifest.xml:117:9-120:21
	android:value
		ADDED from src/main/AndroidManifest.xml:119:13-33
	android:name
		ADDED from src/main/AndroidManifest.xml:118:13-41